/Users/ahmadabdullah/Downloads/sparkai task/src/inference/api.py:57: DeprecationWarning: 
        on_event is deprecated, use lifespan event handlers instead.

        Read more about it in the
        [FastAPI docs for Lifespan Events](https://fastapi.tiangolo.com/advanced/events/).
        
  @app.on_event("startup")
INFO:     Started server process [85261]
INFO:     Waiting for application startup.
INFO:src.training.utils:Using Apple MPS device
INFO:src.inference.pipeline:Model loaded from ./checkpoints/best_baseline.pth
INFO:src.inference.pipeline:  Checkpoint epoch: 15
INFO:src.inference.pipeline:  Checkpoint val_loss: 0.1489
INFO:src.inference.pipeline:InferencePipeline ready | Device: mps | Classes: 10 | Confidence threshold: 0.5
INFO:src.inference.api:Inference pipeline loaded successfully
INFO:     Application startup complete.
INFO:     Uvicorn running on http://0.0.0.0:8000 (Press CTRL+C to quit)
INFO:     127.0.0.1:63336 - "POST /predict HTTP/1.1" 200 OK
INFO:     Shutting down
INFO:     Waiting for application shutdown.
INFO:     Application shutdown complete.
INFO:     Finished server process [85261]
